{
  "RSpec": {
    "coverage": {
      "/app/config/app.rb": {
        "lines": [
          null,
          null,
          1,
          null,
          1,
          1,
          1,
          null,
          null
        ]
      },
      "/app/config/settings.rb": {
        "lines": [
          null,
          null,
          1,
          1,
          null,
          null,
          null,
          null,
          1,
          1,
          null,
          null
        ]
      },
      "/app/config/routes.rb": {
        "lines": [
          null,
          null,
          1,
          1,
          1,
          1,
          1,
          1,
          null,
          null,
          1,
          null,
          null
        ]
      },
      "/app/config/providers/persistence.rb": {
        "lines": [
          null,
          null,
          1,
          1,
          1,
          null,
          1,
          1,
          null,
          null,
          1,
          1,
          null,
          null,
          1,
          1,
          null,
          1,
          null,
          null,
          null,
          null,
          1,
          null,
          null
        ]
      },
      "/app/lib/servers_com_test/persistence/relations/ip_addresses.rb": {
        "lines": [
          null,
          null,
          1,
          1,
          1,
          1,
          1,
          null,
          1,
          1,
          null,
          null,
          null,
          null
        ]
      },
      "/app/lib/servers_com_test/persistence/relations/statistics.rb": {
        "lines": [
          null,
          null,
          1,
          1,
          1,
          1,
          1,
          1,
          1,
          null,
          null,
          null,
          1,
          1,
          null,
          null,
          null,
          null
        ]
      },
      "/app/app/actions/ip_addresses/create.rb": {
        "lines": [
          null,
          null,
          1,
          1,
          1,
          1,
          1,
          1,
          null,
          null,
          null,
          1,
          11,
          null,
          8,
          null,
          8,
          null,
          7,
          null,
          7,
          7,
          null,
          null,
          1,
          null,
          1,
          15,
          null,
          null,
          null,
          null,
          null
        ]
      },
      "/app/app/action.rb": {
        "lines": [
          null,
          null,
          null,
          1,
          null,
          1,
          1,
          1,
          null,
          1,
          1,
          null,
          1,
          null,
          1,
          1,
          1,
          null,
          null,
          null
        ]
      },
      "/app/app/actions/ip_addresses/destroy.rb": {
        "lines": [
          null,
          null,
          1,
          1,
          1,
          1,
          1,
          1,
          null,
          null,
          null,
          1,
          9,
          null,
          8,
          null,
          8,
          null,
          null,
          null,
          null,
          8,
          null,
          7,
          7,
          null,
          null,
          1,
          null,
          1,
          8,
          null,
          null,
          null,
          null,
          null
        ]
      },
      "/app/app/actions/ip_addresses/index.rb": {
        "lines": [
          null,
          null,
          1,
          1,
          1,
          1,
          1,
          4,
          null,
          null,
          null,
          4,
          4,
          null,
          null,
          null,
          null,
          null
        ]
      },
      "/app/app/actions/statistics/show.rb": {
        "lines": [
          null,
          null,
          1,
          1,
          1,
          1,
          1,
          1,
          null,
          1,
          1,
          null,
          null,
          1,
          7,
          null,
          7,
          null,
          7,
          null,
          5,
          5,
          null,
          null,
          1,
          null,
          1,
          7,
          null,
          7,
          null,
          null,
          null,
          7,
          null,
          null,
          null,
          null,
          null,
          1,
          7,
          null,
          7,
          null,
          null,
          null,
          null,
          null,
          null,
          null
        ]
      },
      "/app/lib/ping_worker.rb": {
        "lines": [
          null,
          null,
          1,
          1,
          1,
          1,
          null,
          1,
          1,
          null,
          1,
          1,
          null,
          1,
          null,
          1,
          7,
          7,
          null,
          null,
          1,
          7,
          null,
          7,
          7,
          null,
          7,
          null,
          0,
          null,
          null,
          null,
          1,
          null,
          1,
          7,
          7,
          6,
          6,
          null,
          6,
          null,
          6,
          null,
          null,
          null,
          1,
          6,
          6,
          null,
          null,
          1,
          7,
          7,
          null,
          null,
          1,
          7,
          null,
          null,
          1,
          7,
          null,
          null,
          null,
          1
        ]
      }
    },
    "timestamp": 1679952033
  }
}
