{
  "RSpec": {
    "coverage": {
      "/app/lib/servers_com_test/persistence/relations/ip_addresses.rb": {
        "lines": [
          null,
          null,
          1,
          1,
          1,
          1,
          1,
          null,
          1,
          1,
          null,
          null,
          null,
          null
        ]
      },
      "/app/lib/servers_com_test/persistence/relations/statistics.rb": {
        "lines": [
          null,
          null,
          1,
          1,
          1,
          1,
          1,
          1,
          1,
          null,
          null,
          null,
          1,
          1,
          null,
          null,
          null,
          null
        ]
      },
      "/app/spec/support/factories/ip_address.rb": {
        "lines": [
          null,
          null,
          1,
          21,
          1,
          null,
          1,
          7,
          null,
          null,
          1,
          1,
          null,
          null
        ]
      },
      "/app/spec/support/factories/statistics.rb": {
        "lines": [
          null,
          null,
          1,
          null,
          1,
          null,
          11,
          15,
          1,
          null,
          1,
          1,
          1,
          null,
          null
        ]
      },
      "/app/spec/actions/ip_addresses/create_spec.rb": {
        "lines": [
          null,
          null,
          1,
          3,
          null,
          1,
          2,
          null,
          1,
          1,
          1,
          null,
          null,
          null,
          1,
          2,
          null,
          1,
          1,
          1,
          null,
          null,
          null
        ]
      },
      "/app/app/actions/ip_addresses/create.rb": {
        "lines": [
          null,
          null,
          1,
          1,
          1,
          1,
          1,
          1,
          null,
          null,
          null,
          1,
          11,
          null,
          8,
          null,
          8,
          null,
          7,
          null,
          7,
          7,
          null,
          null,
          1,
          null,
          1,
          15,
          null,
          null,
          null,
          null,
          null
        ]
      },
      "/app/app/action.rb": {
        "lines": [
          null,
          null,
          null,
          1,
          null,
          1,
          1,
          1,
          null,
          1,
          1,
          null,
          1,
          null,
          1,
          1,
          1,
          null,
          null,
          null
        ]
      },
      "/app/spec/actions/ip_addresses/destroy_spec.rb": {
        "lines": [
          null,
          null,
          1,
          4,
          null,
          1,
          2,
          null,
          1,
          1,
          1,
          null,
          null,
          null,
          1,
          2,
          null,
          1,
          1,
          1,
          null,
          null,
          null,
          1,
          2,
          null,
          1,
          1,
          1,
          null,
          null,
          null
        ]
      },
      "/app/app/actions/ip_addresses/destroy.rb": {
        "lines": [
          null,
          null,
          1,
          1,
          1,
          1,
          1,
          1,
          null,
          null,
          null,
          1,
          9,
          null,
          8,
          null,
          8,
          null,
          null,
          null,
          null,
          8,
          null,
          7,
          7,
          null,
          null,
          1,
          null,
          1,
          8,
          null,
          null,
          null,
          null,
          null
        ]
      },
      "/app/spec/actions/ip_addresses/index_spec.rb": {
        "lines": [
          null,
          null,
          1,
          2,
          2,
          null,
          1,
          1,
          1,
          null,
          null
        ]
      },
      "/app/app/actions/ip_addresses/index.rb": {
        "lines": [
          null,
          null,
          1,
          1,
          1,
          1,
          1,
          4,
          null,
          null,
          null,
          4,
          4,
          null,
          null,
          null,
          null,
          null
        ]
      },
      "/app/spec/actions/statistics/show_spec.rb": {
        "lines": [
          null,
          null,
          1,
          2,
          null,
          1,
          2,
          2,
          null,
          1,
          11,
          null,
          null,
          1,
          1,
          1,
          null,
          null,
          null
        ]
      },
      "/app/app/actions/statistics/show.rb": {
        "lines": [
          null,
          null,
          1,
          1,
          1,
          1,
          1,
          1,
          null,
          1,
          1,
          null,
          null,
          1,
          7,
          null,
          7,
          null,
          7,
          null,
          5,
          5,
          null,
          null,
          1,
          null,
          1,
          7,
          null,
          7,
          null,
          null,
          null,
          7,
          null,
          null,
          null,
          null,
          null,
          1,
          7,
          null,
          7,
          null,
          null,
          null,
          null,
          null,
          null,
          null
        ]
      },
      "/app/spec/lib/ping_worker_spec.rb": {
        "lines": [
          null,
          null,
          1,
          null,
          1,
          7,
          5,
          null,
          7,
          null,
          1,
          4,
          null,
          1,
          2,
          null,
          null,
          1,
          1,
          1,
          null,
          null,
          1,
          1,
          1,
          null,
          null,
          null,
          1,
          4,
          null,
          1,
          2,
          null,
          null,
          1,
          1,
          1,
          null,
          null,
          1,
          1,
          1,
          null,
          null,
          null
        ]
      },
      "/app/lib/ping_worker.rb": {
        "lines": [
          null,
          null,
          1,
          1,
          1,
          1,
          null,
          1,
          1,
          null,
          1,
          1,
          null,
          1,
          null,
          1,
          7,
          7,
          null,
          null,
          1,
          7,
          null,
          7,
          7,
          null,
          7,
          null,
          0,
          null,
          null,
          null,
          1,
          null,
          1,
          7,
          7,
          6,
          6,
          null,
          6,
          null,
          6,
          null,
          null,
          null,
          1,
          6,
          6,
          null,
          null,
          1,
          7,
          7,
          null,
          null,
          1,
          7,
          null,
          null,
          1,
          7,
          null,
          null,
          null,
          1
        ]
      },
      "/app/spec/requests/ip_addresses/create_spec.rb": {
        "lines": [
          null,
          null,
          1,
          3,
          1,
          9,
          null,
          null,
          1,
          9,
          null,
          null,
          1,
          4,
          null,
          1,
          1,
          null,
          null,
          1,
          1,
          null,
          null,
          1,
          1,
          null,
          null,
          null,
          1,
          4,
          null,
          1,
          1,
          null,
          null,
          1,
          1,
          null,
          null,
          1,
          1,
          null,
          null,
          null,
          1,
          3,
          null,
          1,
          1,
          null,
          null,
          1,
          1,
          null,
          null,
          null,
          1,
          2,
          null,
          1,
          1,
          null,
          null,
          null
        ]
      },
      "/app/spec/requests/ip_addresses/destroy_spec.rb": {
        "lines": [
          null,
          null,
          1,
          1,
          6,
          null,
          null,
          1,
          6,
          null,
          null,
          1,
          4,
          null,
          1,
          1,
          null,
          null,
          1,
          1,
          null,
          null,
          1,
          1,
          1,
          null,
          null,
          null,
          1,
          4,
          null,
          1,
          1,
          null,
          null,
          1,
          1,
          null,
          null,
          1,
          1,
          1,
          null,
          null,
          null
        ]
      },
      "/app/spec/requests/ip_addresses/index_spec.rb": {
        "lines": [
          null,
          null,
          1,
          4,
          4,
          4,
          null,
          1,
          3,
          3,
          3,
          null,
          null,
          1,
          1,
          null,
          null,
          1,
          1,
          null,
          null,
          1,
          1,
          1,
          null,
          null
        ]
      },
      "/app/spec/requests/statistics/show_spec.rb": {
        "lines": [
          null,
          null,
          1,
          7,
          2,
          1,
          6,
          null,
          null,
          1,
          1,
          4,
          4,
          4,
          4,
          4,
          null,
          null,
          5,
          1,
          null,
          1,
          null,
          null,
          null,
          null,
          null,
          null,
          null,
          null,
          null,
          1,
          1,
          null,
          null,
          1,
          1,
          null,
          null,
          1,
          1,
          1,
          null,
          null,
          1,
          1,
          1,
          null,
          null,
          null,
          1,
          3,
          null,
          3,
          null,
          1,
          1,
          null,
          null,
          1,
          1,
          null,
          null,
          null
        ]
      }
    },
    "timestamp": 1679950382
  }
}
